     1                                  bits 32 ; assembling for the 32 bits architecture
     2                                  
     3                                  ; declare the EntryPoint (a label defining the very first instruction of the program)
     4                                  global start        
     5                                  
     6                                  ; declare external functions needed by our program
     7                                  extern exit               ; tell nasm that exit exists even if we won't be defining it
     8                                  import exit msvcrt.dll    ; exit is a function that ends the calling process. It is defined in msvcrt.dll
     9                                                            ; msvcrt.dll contains exit, printf and all the other important C-runtime specific functions
    10                                  
    11                                  ; our data is declared here (the variables needed by our program)
    12                                  segment data use32 class=data
    13                                      ; ...
    14                                  
    15                                      
    16                                      
    17 00000000 01                      a db 1
    18 00000001 0200                    b dw 2
    19 00000003 00000000                c dd 0
    20                                  
    21                                      
    22                                  ; our code starts here
    23                                  segment code use32 class=code
    24                                      start:
    25                                          ; ...
    26                                      
    27                                          ;Given the byte A and the word B, compute the doubleword C as follows:
    28                                  
    29                                          ;; the bits 0-7 of C have the value 1
    30                                                     
    31                                          ;; the bits 8-11 of C are the same as the bits 4-7 of A(byte)
    32                                   
    33                                          ;; the bits 12-19 are the same as the bits 2-9 of B(word
    34                                       
    35                                          ;; the bits 20-23 are the same as the bits 0-3 of A
    36                                       
    37                                          ;; the bits 24-31 are the same as the high byte of B
    38                                      
    39                                      
    40                                          ;mov eax,0
    41 00000000 A1[03000000]                    mov eax, [c]
    42 00000005 83C87F                          or eax, 00000000000000000000000001111111b      ;;the bits 0-7 of C have the value 1
    43                                          
    44 00000008 BB00000000                      mov ebx, 0
    45 0000000D 8A1D[00000000]                  mov bl, [a]
    46 00000013 80E3F0                          and bl, 11110000b
    47 00000016 C1C304                          rol ebx, 8-4
    48 00000019 09D8                            or eax, ebx   ;; the bits 8-11 of C are the same as the bits 4-7 of A
    49                                          
    50 0000001B BB00000000                      mov ebx, 0
    51 00000020 668B1D[01000000]                mov bx, [b]
    52 00000027 6681E3FC03                      and bx, 0000001111111100b
    53 0000002C C1C303                          rol ebx, 12-9
    54 0000002F 09D8                            or eax, ebx ;;the bits 12-19 are the same as the bits 2-9 of B(word)
    55                                          
    56                                          
    57 00000031 BB00000000                      mov ebx, 0
    58 00000036 8A1D[00000000]                  mov bl, [a]
    59 0000003C 80E30F                          and bl, 00001111b
    60 0000003F C1C314                          rol ebx, 20-0
    61 00000042 09D8                            or eax, ebx   ;;the bits 20-23 are the same as the bits 0-3 of A
    62                                          
    63 00000044 BB00000000                      mov ebx, 0
    64 00000049 668B1D[01000000]                mov bx, [b]
    65 00000050 80E300                          and bl, 0000b
    66 00000053 C1C314                          rol ebx, 24-4
    67 00000056 09D8                            or eax, ebx 
    68 00000058 C1C304                          rol ebx, 4
    69 0000005B 09D8                            or eax, ebx         ;; the bits 24-31 are the same as the high byte of B
    70                                          
    71                                          
    72 0000005D A3[03000000]                    mov [c], eax
    73                                          
    74                                      
    75                                          ; exit(0)
    76 00000062 6A00                            push    dword 0      ; push the parameter for exit onto the stack
    77 00000064 FF15[00000000]                  call    [exit]       ; call exit to terminate the program
    78                                  
    79                                          
    80                                          
    81                                          
    82                                          
    83                                          
    84                                          
    85                                          
    86                                          
    87                                          
