     1                                  bits 32 ; assembling for the 32 bits architecture
     2                                  
     3                                  ; declare the EntryPoint (a label defining the very first instruction of the program)
     4                                  global start        
     5                                  
     6                                  ; declare external functions needed by our program
     7                                  extern exit               ; tell nasm that exit exists even if we won't be defining it
     8                                  import exit msvcrt.dll    ; exit is a function that ends the calling process. It is defined in msvcrt.dll
     9                                                            ; msvcrt.dll contains exit, printf and all the other important C-runtime specific functions
    10                                  
    11                                  ; our data is declared here (the variables needed by our program)
    12                                  segment data use32 class=data
    13                                      ; ...
    14 00000000 0A                          a db 10
    15 00000001 0A                          b db 10
    16 00000002 0A                          c db 10
    17 00000003 0A00                        d dw 10
    18 00000005 00                          res db 0
    19                                  
    20                                  ; our code starts here
    21                                  segment code use32 class=code
    22                                      start:
    23                                          ; ...
    24                                          
    25                                        
    26 00000000 B032                            mov AL, 50
    27                                          
    28 00000002 1A05[01000000]                  sbb AL, [b]
    29 00000008 1A05[02000000]                  sbb AL, [c] ;; 50-b-c
    30                                          
    31 0000000E B302                            mov BL, 2
    32 00000010 F6E3                            mul BL  ;; (50-b-c)*2
    33                                          
    34 00000012 A2[05000000]                    mov byte [res], AL
    35 00000017 A0[00000000]                    mov AL, [a]
    36 0000001C F625[00000000]                  mul byte [a]
    37 00000022 0205[05000000]                  add AL, [res]
    38 00000028 660305[03000000]                add AX, [d]
    39                                          
    40                                          
    41                                          ; exit(0)
    42 0000002F 6A00                            push    dword 0      ; push the parameter for exit onto the stack
    43 00000031 FF15[00000000]                  call    [exit]       ; call exit to terminate the program
