     1                                  bits 32 ; assembling for the 32 bits architecture
     2                                  
     3                                  ; declare the EntryPoint (a label defining the very first instruction of the program)
     4                                  global start        
     5                                  
     6                                  ; declare external functions needed by our program
     7                                  extern exit               ; tell nasm that exit exists even if we won't be defining it
     8                                  import exit msvcrt.dll    ; exit is a function that ends the calling process. It is defined in msvcrt.dll
     9                                                            ; msvcrt.dll contains exit, printf and all the other important C-runtime specific functions
    10                                  
    11                                  ; our data is declared here (the variables needed by our program)
    12                                  segment data use32 class=data
    13                                      ; ...
    14                                  
    15 00000000 00                          a db 0
    16 00000001 00                          b db 0
    17 00000002 00                          c db 0
    18 00000003 00                          d db 0
    19                                      
    20 00000004 0000                        e dw 0
    21 00000006 0000                        f dw 0
    22 00000008 0000                        g dw 0
    23 0000000A 0100                        h dw 1
    24                                      
    25                                      
    26                                  ; our code starts here
    27                                  segment code use32 class=code
    28                                      start:
    29                                          ; ...
    30                                          
    31 00000000 A0[00000000]                    mov AL, [a] 
    32 00000005 0205[01000000]                  add AL, [b]
    33 0000000B 80D400                          adc AH, 0
    34 0000000E 0205[02000000]                  add AL, [c] 
    35 00000014 80D400                          adc AH, 0
    36 00000017 66BB0200                        mov BX, 2
    37 0000001B 66F7E3                          mul BX
    38 0000001E 66BB0300                        mov BX, 3
    39 00000022 66F7E3                          mul BX
    40 00000025 668B1D[08000000]                mov BX, [g]
    41 0000002C 66F7F3                          div BX
    42                                         
    43                                          
    44                                          ; exit(0)
    45 0000002F 6A00                            push    dword 0      ; push the parameter for exit onto the stack
    46 00000031 FF15[00000000]                  call    [exit]       ; call exit to terminate the program
