     1                                  
     2                                  bits 32 ; assembling for the 32 bits architecture
     3                                  
     4                                  ; declare the EntryPoint (a label defining the very first instruction of the program)
     5                                  global start        
     6                                  
     7                                  ; declare external functions needed by our program
     8                                  extern exit               ; tell nasm that exit exists even if we won't be defining it
     9                                  import exit msvcrt.dll    ; exit is a function that ends the calling process. It is defined in msvcrt.dll
    10                                                            ; msvcrt.dll contains exit, printf and all the other important C-runtime specific functions
    11                                  
    12                                  ; our data is declared here (the variables needed by our program)
    13                                  segment data use32 class=data
    14                                      ; ...
    15 00000000 64                          a db 100
    16 00000001 FB                          b db -5
    17                                  ; our code starts here
    18                                  segment code use32 class=code
    19                                      start:
    20                                          ; ...
    21                                          ; a =b
    22 00000000 A0[01000000]                    mov al, byte [b]
    23 00000005 A2[00000000]                    mov byte [a], byte al
    24                                          
    25                                          ; exit(0)
    26 0000000A 6A00                            push    dword 0      ; push the parameter for exit onto the stack
    27 0000000C FF15[00000000]                  call    [exit]       ; call exit to terminate the program
    28                                      
